[0m15:58:43.551012 [debug] [MainThread]: Sending event: {'category': 'dbt', 'action': 'invocation', 'label': 'start', 'context': [<snowplow_tracker.self_describing_json.SelfDescribingJson object at 0x000002C4E9C79EE0>, <snowplow_tracker.self_describing_json.SelfDescribingJson object at 0x000002C4E9DD7020>, <snowplow_tracker.self_describing_json.SelfDescribingJson object at 0x000002C4E9DD5B50>]}


============================== 15:58:43.556118 | afd0af9e-6286-4867-9832-ab779ed35776 ==============================
[0m15:58:43.556118 [info ] [MainThread]: Running with dbt=1.9.0-b2
[0m15:58:43.556118 [debug] [MainThread]: running dbt with arguments {'printer_width': '80', 'indirect_selection': 'eager', 'write_json': 'True', 'log_cache_events': 'False', 'partial_parse': 'True', 'cache_selected_only': 'False', 'warn_error': 'None', 'fail_fast': 'False', 'debug': 'False', 'log_path': 'logs', 'version_check': 'True', 'profiles_dir': 'C:\\Users\\menlo\\.dbt', 'use_colors': 'True', 'use_experimental_parser': 'False', 'empty': 'None', 'quiet': 'False', 'no_print': 'None', 'log_format': 'default', 'introspect': 'True', 'invocation_command': 'dbt init', 'static_parser': 'True', 'target_path': 'None', 'warn_error_options': 'WarnErrorOptions(include=[], exclude=[])', 'send_anonymous_usage_stats': 'True'}
[0m15:58:43.601555 [warn ] [MainThread]: [ConfigFolderDirectory]: Unable to parse dict {'dir': WindowsPath('C:/Users/menlo/.dbt')}
[0m15:58:43.611997 [info ] [MainThread]: Creating dbt configuration folder at 
[0m15:59:23.634859 [debug] [MainThread]: Starter project path: C:\Users\menlo\OneDrive\andre_lamounier\workshop_dw\.venv\Lib\site-packages\dbt\include\starter_project
[0m15:59:23.649045 [info ] [MainThread]: 
Your new dbt project "datawarehouse" was created!

For more information on how to configure the profiles.yml file,
please consult the dbt documentation here:

  https://docs.getdbt.com/docs/configure-your-profile

One more thing:

Need help? Don't hesitate to reach out to us via GitHub issues or on Slack:

  https://community.getdbt.com/

Happy modeling!

[0m15:59:23.651046 [info ] [MainThread]: Setting up your profile.
[0m16:01:10.987990 [info ] [MainThread]: Profile datawarehouse written to C:\Users\menlo\.dbt\profiles.yml using target's profile_template.yml and your supplied values. Run 'dbt debug' to validate the connection.
[0m16:01:10.987990 [debug] [MainThread]: Command `dbt init` succeeded at 16:01:10.987990 after 147.58 seconds
[0m16:01:10.987990 [debug] [MainThread]: Sending event: {'category': 'dbt', 'action': 'invocation', 'label': 'end', 'context': [<snowplow_tracker.self_describing_json.SelfDescribingJson object at 0x000002C4E6B53740>, <snowplow_tracker.self_describing_json.SelfDescribingJson object at 0x000002C4EA032510>, <snowplow_tracker.self_describing_json.SelfDescribingJson object at 0x000002C4E41CA660>]}
[0m16:01:10.987990 [debug] [MainThread]: Flushing usage events
[0m16:01:12.114315 [debug] [MainThread]: An error was encountered while trying to flush usage events
